<?xml version="1.0" encoding="UTF-8"?>
<testsuite xmlns:xsi="http://www.w3.org/2001/XMLSchema-instance" xsi:noNamespaceSchemaLocation="https://maven.apache.org/surefire/maven-surefire-plugin/xsd/surefire-test-report.xsd" name="com.lkw.client.ClientApplicationTests" time="0.268" tests="1" errors="1" skipped="0" failures="0">
  <properties>
[...]
</properties>
  <testcase name="com.lkw.client.ClientApplicationTests" classname="com.lkw.client.ClientApplicationTests" time="0.266">
    <error message="Found multiple @SpringBootConfiguration annotated classes [Generic bean: class [com.lkw.client.ClientApplication]; scope=; abstract=false; lazyInit=null; autowireMode=0; dependencyCheck=0; autowireCandidate=true; primary=false; factoryBeanName=null; factoryMethodName=null; initMethodName=null; destroyMethodName=null; defined in file [D:\work\javacode\QQ_Chat\Client\target\classes\com\lkw\client\ClientApplication.class], Generic bean: class [com.lkw.client.ClientApplication2]; scope=; abstract=false; lazyInit=null; autowireMode=0; dependencyCheck=0; autowireCandidate=true; primary=false; factoryBeanName=null; factoryMethodName=null; initMethodName=null; destroyMethodName=null; defined in file [D:\work\javacode\QQ_Chat\Client\target\classes\com\lkw\client\ClientApplication2.class]]" type="java.lang.IllegalStateException">java.lang.IllegalStateException: Found multiple @SpringBootConfiguration annotated classes [Generic bean: class [com.lkw.client.ClientApplication]; scope=; abstract=false; lazyInit=null; autowireMode=0; dependencyCheck=0; autowireCandidate=true; primary=false; factoryBeanName=null; factoryMethodName=null; initMethodName=null; destroyMethodName=null; defined in file [D:\work\javacode\QQ_Chat\Client\target\classes\com\lkw\client\ClientApplication.class], Generic bean: class [com.lkw.client.ClientApplication2]; scope=; abstract=false; lazyInit=null; autowireMode=0; dependencyCheck=0; autowireCandidate=true; primary=false; factoryBeanName=null; factoryMethodName=null; initMethodName=null; destroyMethodName=null; defined in file [D:\work\javacode\QQ_Chat\Client\target\classes\com\lkw\client\ClientApplication2.class]]
</error>
    <system-out><![CDATA[11:37:09.461 [main] DEBUG org.springframework.test.context.BootstrapUtils - Instantiating CacheAwareContextLoaderDelegate from class [org.springframework.test.context.cache.DefaultCacheAwareContextLoaderDelegate]
11:37:09.474 [main] DEBUG org.springframework.test.context.BootstrapUtils - Instantiating BootstrapContext using constructor [public org.springframework.test.context.support.DefaultBootstrapContext(java.lang.Class,org.springframework.test.context.CacheAwareContextLoaderDelegate)]
11:37:09.506 [main] DEBUG org.springframework.test.context.BootstrapUtils - Instantiating TestContextBootstrapper for test class [com.lkw.client.ClientApplicationTests] from class [org.springframework.boot.test.context.SpringBootTestContextBootstrapper]
11:37:09.522 [main] INFO org.springframework.boot.test.context.SpringBootTestContextBootstrapper - Neither @ContextConfiguration nor @ContextHierarchy found for test class [com.lkw.client.ClientApplicationTests], using SpringBootContextLoader
11:37:09.527 [main] DEBUG org.springframework.test.context.support.AbstractContextLoader - Did not detect default resource location for test class [com.lkw.client.ClientApplicationTests]: class path resource [com/lkw/client/ClientApplicationTests-context.xml] does not exist
11:37:09.528 [main] DEBUG org.springframework.test.context.support.AbstractContextLoader - Did not detect default resource location for test class [com.lkw.client.ClientApplicationTests]: class path resource [com/lkw/client/ClientApplicationTestsContext.groovy] does not exist
11:37:09.528 [main] INFO org.springframework.test.context.support.AbstractContextLoader - Could not detect default resource locations for test class [com.lkw.client.ClientApplicationTests]: no resource found for suffixes {-context.xml, Context.groovy}.
11:37:09.529 [main] INFO org.springframework.test.context.support.AnnotationConfigContextLoaderUtils - Could not detect default configuration classes for test class [com.lkw.client.ClientApplicationTests]: ClientApplicationTests does not declare any static, non-private, non-final, nested classes annotated with @Configuration.
11:37:09.572 [main] DEBUG org.springframework.test.context.support.ActiveProfilesUtils - Could not find an 'annotation declaring class' for annotation type [org.springframework.test.context.ActiveProfiles] and class [com.lkw.client.ClientApplicationTests]
11:37:09.635 [main] DEBUG org.springframework.context.annotation.ClassPathScanningCandidateComponentProvider - Identified candidate component class: file [D:\work\javacode\QQ_Chat\Client\target\classes\com\lkw\client\ClientApplication.class]
11:37:09.643 [main] DEBUG org.springframework.context.annotation.ClassPathScanningCandidateComponentProvider - Identified candidate component class: file [D:\work\javacode\QQ_Chat\Client\target\classes\com\lkw\client\ClientApplication2.class]
]]></system-out>
  </testcase>
</testsuite>